<?xml version="1.0" encoding="UTF-8"?>
<!-- Generated by org.testng.reporters.JUnitReportReporter -->
<testsuite hostname="DESKTOP-JQ3VAGT" failures="0" tests="1" name="calculator.Addition" time="3.221" errors="0" timestamp="2021-12-04T09:48:19 IST" skipped="0">
  <testcase classname="calculator.Addition" name="f" time="3.221"/>
  <system-out/>
</testsuite> <!-- calculator.Addition -->
