<?xml version="1.0" encoding="UTF-8"?>
<!-- Generated by org.testng.reporters.JUnitReportReporter -->
<testsuite hostname="DESKTOP-JQ3VAGT" failures="0" tests="1" name="testcases.Multiplication" time="4.082" errors="0" timestamp="2021-12-09T08:10:31 IST" skipped="0">
  <testcase classname="testcases.Multiplication" name="f" time="4.082"/>
  <system-out/>
</testsuite> <!-- testcases.Multiplication -->
