<?xml version="1.0" encoding="UTF-8"?>
<!-- Generated by org.testng.reporters.JUnitReportReporter -->
<testsuite hostname="DESKTOP-JQ3VAGT" failures="0" tests="1" name="testcases.Subtraction" time="3.630" errors="0" timestamp="2021-12-09T08:10:31 IST" skipped="0">
  <testcase classname="testcases.Subtraction" name="f" time="3.630"/>
  <system-out/>
</testsuite> <!-- testcases.Subtraction -->
