<?xml version="1.0" encoding="UTF-8"?>
<!-- Generated by org.testng.reporters.JUnitReportReporter -->
<testsuite hostname="DESKTOP-JQ3VAGT" failures="0" tests="4" name="calculator.Mixed" time="29.061" errors="0" timestamp="2021-12-04T11:29:16 IST" skipped="0">
  <testcase classname="calculator.Mixed" name="Multiplication" time="7.116"/>
  <system-out/>
  <testcase classname="calculator.Mixed" name="Division" time="7.333"/>
  <system-out/>
  <testcase classname="calculator.Mixed" name="Subtraction" time="6.578"/>
  <system-out/>
  <testcase classname="calculator.Mixed" name="Addition" time="8.034"/>
  <system-out/>
</testsuite> <!-- calculator.Mixed -->
