<?xml version="1.0" encoding="UTF-8"?>
<!-- Generated by org.testng.reporters.JUnitReportReporter -->
<testsuite hostname="DESKTOP-JQ3VAGT" failures="0" tests="1" name="calculator.Operations" time="31.385" errors="0" timestamp="2021-12-05T16:55:51 IST" skipped="0">
  <testcase classname="calculator.Operations" name="f" time="31.385"/>
  <system-out/>
</testsuite> <!-- calculator.Operations -->
