<?xml version="1.0" encoding="UTF-8"?>
<!-- Generated by org.testng.reporters.JUnitReportReporter -->
<testsuite hostname="DESKTOP-JQ3VAGT" failures="0" tests="1" name="testcases.Division" time="3.710" errors="0" timestamp="2021-12-09T08:10:31 IST" skipped="0">
  <testcase classname="testcases.Division" name="f" time="3.710"/>
  <system-out/>
</testsuite> <!-- testcases.Division -->
