<?xml version="1.0" encoding="UTF-8"?>
<!-- Generated by org.testng.reporters.JUnitReportReporter -->
<testsuite hostname="DESKTOP-JQ3VAGT" failures="0" tests="1" name="calculator.Multiplication" time="7.565" errors="0" timestamp="2021-12-04T10:40:53 IST" skipped="0">
  <testcase classname="calculator.Multiplication" name="f" time="7.565"/>
  <system-out/>
</testsuite> <!-- calculator.Multiplication -->
