<?xml version="1.0" encoding="UTF-8"?>
<!-- Generated by org.testng.reporters.JUnitReportReporter -->
<testsuite hostname="DESKTOP-JQ3VAGT" failures="0" tests="4" name="calculator.Operations_All" time="16.373" errors="0" timestamp="2021-12-08T10:03:14 IST" skipped="0">
  <testcase classname="calculator.Operations_All" name="Division" time="4.123"/>
  <system-out/>
  <testcase classname="calculator.Operations_All" name="Subtraction" time="3.616"/>
  <system-out/>
  <testcase classname="calculator.Operations_All" name="Addition" time="5.021"/>
  <system-out/>
  <testcase classname="calculator.Operations_All" name="Multiplication" time="3.613"/>
  <system-out/>
</testsuite> <!-- calculator.Operations_All -->
