<?xml version="1.0" encoding="UTF-8"?>
<!-- Generated by org.testng.reporters.JUnitReportReporter -->
<testsuite hostname="DESKTOP-JQ3VAGT" failures="0" tests="1" name="calculator_1.Addition" time="6.636" errors="0" timestamp="2021-12-08T20:09:29 IST" skipped="0">
  <testcase classname="calculator_1.Addition" name="f" time="6.636"/>
  <system-out/>
</testsuite> <!-- calculator_1.Addition -->
